<?xml version="1.0" encoding="UTF-8"?>
<!-- Generated by org.testng.reporters.JUnitReportReporter -->
<testsuite hostname="BHUKRK353714L" failures="0" tests="4" name="TestSwagLabs_MavenProject.MavenProject1.Maven_Project_SauceLabs" time="10.986" errors="0" timestamp="2024-04-30T10:08:43 IST" skipped="0">
  <testcase classname="TestSwagLabs_MavenProject.MavenProject1.Maven_Project_SauceLabs" name="test1" time="5.528"/>
  <system-out/>
  <testcase classname="TestSwagLabs_MavenProject.MavenProject1.Maven_Project_SauceLabs" name="test1" time="0.431"/>
  <system-out/>
  <testcase classname="TestSwagLabs_MavenProject.MavenProject1.Maven_Project_SauceLabs" name="test1" time="4.504"/>
  <system-out/>
  <testcase classname="TestSwagLabs_MavenProject.MavenProject1.Maven_Project_SauceLabs" name="test1" time="0.523"/>
  <system-out/>
</testsuite> <!-- TestSwagLabs_MavenProject.MavenProject1.Maven_Project_SauceLabs -->
