<?xml version="1.0" encoding="UTF-8"?>
<!-- Generated by org.testng.reporters.JUnitReportReporter -->
<testsuite hostname="BHUKRK353714L" failures="0" tests="1" name="TestCaptch.WebTable.TestClass" time="30.972" errors="0" timestamp="2024-05-21T07:11:11 IST" skipped="0">
  <testcase classname="TestCaptch.WebTable.TestClass" name="test" time="30.972"/>
  <system-out/>
</testsuite> <!-- TestCaptch.WebTable.TestClass -->
